[debug] [2025-07-08T08:32:30.370Z] ----------------------------------------------------------------------
[debug] [2025-07-08T08:32:30.377Z] Command:       C:\Program Files\nodejs\node.exe C:\Users\HP\AppData\Roaming\npm\node_modules\firebase-tools\lib\bin\firebase.js init
[debug] [2025-07-08T08:32:30.378Z] CLI Version:   14.9.0
[debug] [2025-07-08T08:32:30.379Z] Platform:      win32
[debug] [2025-07-08T08:32:30.379Z] Node Version:  v22.14.0
[debug] [2025-07-08T08:32:30.382Z] Time:          Tue Jul 08 2025 10:32:30 GMT+0200 (Central Africa Time)
[debug] [2025-07-08T08:32:30.383Z] ----------------------------------------------------------------------
[debug] 
[debug] [2025-07-08T08:32:30.404Z] > command requires scopes: ["email","openid","https://www.googleapis.com/auth/cloudplatformprojects.readonly","https://www.googleapis.com/auth/firebase","https://www.googleapis.com/auth/cloud-platform"]
[debug] [2025-07-08T08:32:30.405Z] > authorizing via signed-in user (muhozalionel@gmail.com)
[info] 
     ######## #### ########  ######## ########     ###     ######  ########
     ##        ##  ##     ## ##       ##     ##  ##   ##  ##       ##
     ######    ##  ########  ######   ########  #########  ######  ######
     ##        ##  ##    ##  ##       ##     ## ##     ##       ## ##
     ##       #### ##     ## ######## ########  ##     ##  ######  ########

You're about to initialize a Firebase project in this directory:

  K:\goodlife-consulting-system

[debug] [2025-07-08T08:33:28.286Z] ExitPromptError: User force closed the prompt with SIGINT
    at Interface.sigint (C:\Users\HP\AppData\Roaming\npm\node_modules\firebase-tools\node_modules\@inquirer\core\dist\commonjs\lib\create-prompt.js:101:37)
    at Interface.emit (node:events:518:28)
    at Interface.emit (node:domain:489:12)
    at [_ttyWrite] [as _ttyWrite] (node:internal/readline/interface:1124:18)
    at ReadStream.onkeypress (node:internal/readline/interface:263:20)
    at ReadStream.emit (node:events:530:35)
    at ReadStream.emit (node:domain:489:12)
    at emitKeys (node:internal/readline/utils:370:14)
    at emitKeys.next (<anonymous>)
    at ReadStream.onData (node:internal/readline/emitKeypressEvents:64:36)
[error] 
[error] Error: An unexpected error has occurred.
